Determining if the pthread_create exist failed with the following output:
Change Dir: /home/haozliu/ESE650/ORB_SLAM3/Examples_old/ROS/ORB_SLAM3/build/CMakeFiles/CMakeTmp

Run Build Command:"/usr/bin/make" "cmTC_6b828/fast"
/usr/bin/make -f CMakeFiles/cmTC_6b828.dir/build.make CMakeFiles/cmTC_6b828.dir/build
make[1]: Entering directory '/home/haozliu/ESE650/ORB_SLAM3/Examples_old/ROS/ORB_SLAM3/build/CMakeFiles/CMakeTmp'
Building C object CMakeFiles/cmTC_6b828.dir/CheckSymbolExists.c.o
/usr/bin/cc    -o CMakeFiles/cmTC_6b828.dir/CheckSymbolExists.c.o   -c /home/haozliu/ESE650/ORB_SLAM3/Examples_old/ROS/ORB_SLAM3/build/CMakeFiles/CMakeTmp/CheckSymbolExists.c
Linking C executable cmTC_6b828
/usr/bin/cmake -E cmake_link_script CMakeFiles/cmTC_6b828.dir/link.txt --verbose=1
/usr/bin/cc      -rdynamic CMakeFiles/cmTC_6b828.dir/CheckSymbolExists.c.o  -o cmTC_6b828 
CMakeFiles/cmTC_6b828.dir/CheckSymbolExists.c.o: In function `main':
CheckSymbolExists.c:(.text+0x1b): undefined reference to `pthread_create'
collect2: error: ld returned 1 exit status
CMakeFiles/cmTC_6b828.dir/build.make:97: recipe for target 'cmTC_6b828' failed
make[1]: *** [cmTC_6b828] Error 1
make[1]: Leaving directory '/home/haozliu/ESE650/ORB_SLAM3/Examples_old/ROS/ORB_SLAM3/build/CMakeFiles/CMakeTmp'
Makefile:126: recipe for target 'cmTC_6b828/fast' failed
make: *** [cmTC_6b828/fast] Error 2

File /home/haozliu/ESE650/ORB_SLAM3/Examples_old/ROS/ORB_SLAM3/build/CMakeFiles/CMakeTmp/CheckSymbolExists.c:
/* */
#include <pthread.h>

int main(int argc, char** argv)
{
  (void)argv;
#ifndef pthread_create
  return ((int*)(&pthread_create))[argc];
#else
  (void)argc;
  return 0;
#endif
}

Determining if the function pthread_create exists in the pthreads failed with the following output:
Change Dir: /home/haozliu/ESE650/ORB_SLAM3/Examples_old/ROS/ORB_SLAM3/build/CMakeFiles/CMakeTmp

Run Build Command:"/usr/bin/make" "cmTC_874e5/fast"
/usr/bin/make -f CMakeFiles/cmTC_874e5.dir/build.make CMakeFiles/cmTC_874e5.dir/build
make[1]: Entering directory '/home/haozliu/ESE650/ORB_SLAM3/Examples_old/ROS/ORB_SLAM3/build/CMakeFiles/CMakeTmp'
Building C object CMakeFiles/cmTC_874e5.dir/CheckFunctionExists.c.o
/usr/bin/cc   -DCHECK_FUNCTION_EXISTS=pthread_create   -o CMakeFiles/cmTC_874e5.dir/CheckFunctionExists.c.o   -c /usr/share/cmake-3.10/Modules/CheckFunctionExists.c
Linking C executable cmTC_874e5
/usr/bin/cmake -E cmake_link_script CMakeFiles/cmTC_874e5.dir/link.txt --verbose=1
/usr/bin/cc  -DCHECK_FUNCTION_EXISTS=pthread_create    -rdynamic CMakeFiles/cmTC_874e5.dir/CheckFunctionExists.c.o  -o cmTC_874e5 -lpthreads 
/usr/bin/ld: cannot find -lpthreads
collect2: error: ld returned 1 exit status
CMakeFiles/cmTC_874e5.dir/build.make:97: recipe for target 'cmTC_874e5' failed
make[1]: *** [cmTC_874e5] Error 1
make[1]: Leaving directory '/home/haozliu/ESE650/ORB_SLAM3/Examples_old/ROS/ORB_SLAM3/build/CMakeFiles/CMakeTmp'
Makefile:126: recipe for target 'cmTC_874e5/fast' failed
make: *** [cmTC_874e5/fast] Error 2


